2017-01-18 15:56:52 [scrapy] ERROR: Spider error processing <GET http://www.cs.com.cn/404error/index.html> (referer: http://www.cs.com.cn/ssgs/gsxw/index_5.html)
Traceback (most recent call last):
  File "/Library/Python/2.7/site-packages/twisted/internet/defer.py", line 649, in _runCallbacks
    current.result = callback(current.result, *args, **kw)
  File "/Users/yuweifu/spiders/news/news/spiders/cs.py", line 98, in parse_item
    item['time'] = response.xpath('//span[@class="ctime01"]/text()').extract_first()[:10]
TypeError: 'NoneType' object has no attribute '__getitem__'
2017-01-18 15:56:52 [scrapy] ERROR: Spider error processing <GET http://www.cs.com.cn/ssgs/wysg/> (referer: http://www.cs.com.cn/ssgs/gsxw/)
Traceback (most recent call last):
  File "/Library/Python/2.7/site-packages/twisted/internet/defer.py", line 649, in _runCallbacks
    current.result = callback(current.result, *args, **kw)
  File "/Users/yuweifu/spiders/news/news/spiders/cs.py", line 99, in parse_item
    item['time'] = datetime.datetime.strptime(item['time'], '%Y-%m-%d')
  File "/System/Library/Frameworks/Python.framework/Versions/2.7/lib/python2.7/_strptime.py", line 325, in _strptime
    (data_string, format))
ValueError: time data '(01-18 09:' does not match format '%Y-%m-%d'
2017-01-18 15:56:52 [scrapy] ERROR: Spider error processing <GET http://www.cs.com.cn/zt/2016ye/gs/04/> (referer: http://www.cs.com.cn/ssgs/gsxw/)
Traceback (most recent call last):
  File "/Library/Python/2.7/site-packages/twisted/internet/defer.py", line 649, in _runCallbacks
    current.result = callback(current.result, *args, **kw)
  File "/Users/yuweifu/spiders/news/news/spiders/cs.py", line 98, in parse_item
    item['time'] = response.xpath('//span[@class="ctime01"]/text()').extract_first()[:10]
TypeError: 'NoneType' object has no attribute '__getitem__'
